<?xml version="1.0" encoding="UTF-8" ?>
<testsuite tests="40" failures="1" name="TestSuite" time="4.137" errors="0" skipped="39">
  <properties>
[...]
</properties>
  <testcase classname="tests.ChangeCurrencyTest" name="startDriver" time="4.079">
    <failure message="unknown error: cannot determine loading status
from disconnected: received Inspector.detached event
  (Session info: chrome=104.0.5112.102)
Build info: version: &apos;4.3.0&apos;, revision: &apos;a4995e2c09*&apos;
System info: host: &apos;EG-37Z4ML3&apos;, ip: &apos;192.168.100.113&apos;, os.name: &apos;Windows 10&apos;, os.arch: &apos;amd64&apos;, os.version: &apos;10.0&apos;, java.version: &apos;18.0.2.1&apos;
Driver info: org.openqa.selenium.chrome.ChromeDriver
Command: [d9572511ea5acf7c3a9872fc4d31d33b, get {url=http://demo.nopcommerce.com/}]
Capabilities {acceptInsecureCerts: false, browserName: chrome, browserVersion: 104.0.5112.102, chrome: {chromedriverVersion: 103.0.5060.134 (8ec6fce403b..., userDataDir: C:\Users\NADA~1.MAR\AppData...}, goog:chromeOptions: {debuggerAddress: localhost:60870}, networkConnectionEnabled: false, pageLoadStrategy: normal, platformName: WINDOWS, proxy: Proxy(), se:cdp: ws://localhost:60870/devtoo..., se:cdpVersion: 104.0.5112.102, setWindowRect: true, strictFileInteractability: false, timeouts: {implicit: 0, pageLoad: 300000, script: 30000}, unhandledPromptBehavior: dismiss and notify, webauthn:extension:credBlob: true, webauthn:extension:largeBlob: true, webauthn:virtualAuthenticators: true}
Session ID: d9572511ea5acf7c3a9872fc4d31d33b" type="org.openqa.selenium.WebDriverException">org.openqa.selenium.WebDriverException: unknown error: cannot determine loading status
from disconnected: received Inspector.detached event
  (Session info: chrome=104.0.5112.102)
Build info: version: &apos;4.3.0&apos;, revision: &apos;a4995e2c09*&apos;
System info: host: &apos;EG-37Z4ML3&apos;, ip: &apos;192.168.100.113&apos;, os.name: &apos;Windows 10&apos;, os.arch: &apos;amd64&apos;, os.version: &apos;10.0&apos;, java.version: &apos;18.0.2.1&apos;
Driver info: org.openqa.selenium.chrome.ChromeDriver
Command: [d9572511ea5acf7c3a9872fc4d31d33b, get {url=http://demo.nopcommerce.com/}]
Capabilities {acceptInsecureCerts: false, browserName: chrome, browserVersion: 104.0.5112.102, chrome: {chromedriverVersion: 103.0.5060.134 (8ec6fce403b..., userDataDir: C:\Users\NADA~1.MAR\AppData...}, goog:chromeOptions: {debuggerAddress: localhost:60870}, networkConnectionEnabled: false, pageLoadStrategy: normal, platformName: WINDOWS, proxy: Proxy(), se:cdp: ws://localhost:60870/devtoo..., se:cdpVersion: 104.0.5112.102, setWindowRect: true, strictFileInteractability: false, timeouts: {implicit: 0, pageLoad: 300000, script: 30000}, unhandledPromptBehavior: dismiss and notify, webauthn:extension:credBlob: true, webauthn:extension:largeBlob: true, webauthn:virtualAuthenticators: true}
Session ID: d9572511ea5acf7c3a9872fc4d31d33b
	at java.base/jdk.internal.reflect.DirectConstructorHandleAccessor.newInstance(DirectConstructorHandleAccessor.java:67)
	at java.base/java.lang.reflect.Constructor.newInstanceWithCaller(Constructor.java:499)
	at java.base/java.lang.reflect.Constructor.newInstance(Constructor.java:483)
	at org.openqa.selenium.remote.codec.w3c.W3CHttpResponseCodec.createException(W3CHttpResponseCodec.java:200)
	at org.openqa.selenium.remote.codec.w3c.W3CHttpResponseCodec.decode(W3CHttpResponseCodec.java:133)
	at org.openqa.selenium.remote.codec.w3c.W3CHttpResponseCodec.decode(W3CHttpResponseCodec.java:53)
	at org.openqa.selenium.remote.HttpCommandExecutor.execute(HttpCommandExecutor.java:184)
	at org.openqa.selenium.remote.service.DriverCommandExecutor.invokeExecute(DriverCommandExecutor.java:167)
	at org.openqa.selenium.remote.service.DriverCommandExecutor.execute(DriverCommandExecutor.java:142)
	at org.openqa.selenium.remote.RemoteWebDriver.execute(RemoteWebDriver.java:569)
	at org.openqa.selenium.remote.RemoteWebDriver.get(RemoteWebDriver.java:332)
	at org.openqa.selenium.remote.RemoteWebDriver$RemoteNavigation.to(RemoteWebDriver.java:1056)
	at tests.TestBase.startDriver(TestBase.java:51)
	at java.base/jdk.internal.reflect.DirectMethodHandleAccessor.invoke(DirectMethodHandleAccessor.java:104)
	at java.base/java.lang.reflect.Method.invoke(Method.java:577)
	at org.testng.internal.MethodInvocationHelper.invokeMethod(MethodInvocationHelper.java:133)
	at org.testng.internal.MethodInvocationHelper.invokeMethodConsideringTimeout(MethodInvocationHelper.java:62)
	at org.testng.internal.ConfigInvoker.invokeConfigurationMethod(ConfigInvoker.java:385)
	at org.testng.internal.ConfigInvoker.invokeConfigurations(ConfigInvoker.java:321)
	at org.testng.SuiteRunner.privateRun(SuiteRunner.java:317)
	at org.testng.SuiteRunner.run(SuiteRunner.java:276)
	at org.testng.SuiteRunnerWorker.runSuite(SuiteRunnerWorker.java:53)
	at org.testng.SuiteRunnerWorker.run(SuiteRunnerWorker.java:96)
	at org.testng.TestNG.runSuitesSequentially(TestNG.java:1212)
	at org.testng.TestNG.runSuitesLocally(TestNG.java:1134)
	at org.testng.TestNG.runSuites(TestNG.java:1063)
	at org.testng.TestNG.run(TestNG.java:1031)
	at org.apache.maven.surefire.testng.TestNGExecutor.run(TestNGExecutor.java:77)
	at org.apache.maven.surefire.testng.TestNGDirectoryTestSuite.executeMulti(TestNGDirectoryTestSuite.java:159)
	at org.apache.maven.surefire.testng.TestNGDirectoryTestSuite.execute(TestNGDirectoryTestSuite.java:99)
	at org.apache.maven.surefire.testng.TestNGProvider.invoke(TestNGProvider.java:106)
	at java.base/jdk.internal.reflect.DirectMethodHandleAccessor.invoke(DirectMethodHandleAccessor.java:104)
	at java.base/java.lang.reflect.Method.invoke(Method.java:577)
	at org.apache.maven.surefire.util.ReflectionUtils.invokeMethodWithArray(ReflectionUtils.java:189)
	at org.apache.maven.surefire.booter.ProviderFactory$ProviderProxy.invoke(ProviderFactory.java:165)
	at org.apache.maven.surefire.booter.ProviderFactory.invokeProvider(ProviderFactory.java:85)
	at org.apache.maven.surefire.booter.ForkedBooter.runSuitesInProcess(ForkedBooter.java:115)
	at org.apache.maven.surefire.booter.ForkedBooter.main(ForkedBooter.java:75)
</failure>
    <system-out>Configuring TestNG with: org.apache.maven.surefire.testng.conf.TestNG652Configurator@17550481
</system-out>
    <system-err>SLF4J: Failed to load class &quot;org.slf4j.impl.StaticLoggerBinder&quot;.
SLF4J: Defaulting to no-operation (NOP) logger implementation
SLF4J: See http://www.slf4j.org/codes.html#StaticLoggerBinder for further details.
Starting ChromeDriver 103.0.5060.134 (8ec6fce403b3feb0869b0732eda8bd95011d333c-refs/branch-heads/5060@{#1262}) on port 56267
Only local connections are allowed.
Please see https://chromedriver.chromium.org/security-considerations for suggestions on keeping ChromeDriver safe.
ChromeDriver was started successfully.
[1661343514.961][WARNING]: This version of ChromeDriver has not been tested with Chrome version 104.
Aug 24, 2022 2:18:35 PM org.openqa.selenium.remote.ProtocolHandshake createSession
INFO: Detected upstream dialect: W3C
Aug 24, 2022 2:18:35 PM org.openqa.selenium.devtools.CdpVersionFinder findNearestMatch
WARNING: Unable to find an exact match for CDP version 104, so returning the closest version found: 103
Aug 24, 2022 2:18:35 PM org.openqa.selenium.devtools.CdpVersionFinder findNearestMatch
INFO: Found CDP implementation for version 104 of 103
</system-err>
  </testcase>
  <testcase classname="tests.ChangeCurrencyTest" name="userChangeCurrency" time="0">
    <skipped/>
  </testcase>
  <testcase classname="tests.ChangeCurrencyTest" name="takeScreenshotOnFailure" time="0">
    <skipped/>
  </testcase>
  <testcase classname="tests.ChangeCurrencyTest" name="seachForItemsWithAutoComplete" time="0">
    <skipped/>
  </testcase>
  <testcase classname="tests.ChangeCurrencyTest" name="takeScreenshotOnFailure" time="0">
    <skipped/>
  </testcase>
  <testcase classname="tests.ContactUsTest" name="userSendEnquiry" time="0">
    <skipped/>
  </testcase>
  <testcase classname="tests.ContactUsTest" name="takeScreenshotOnFailure" time="0">
    <skipped/>
  </testcase>
  <testcase classname="tests.EmailProductToFriendTest" name="UserCanRegisterSuccssfully" time="0">
    <skipped/>
  </testcase>
  <testcase classname="tests.EmailProductToFriendTest" name="takeScreenshotOnFailure" time="0.001">
    <skipped/>
  </testcase>
  <testcase classname="tests.EmailProductToFriendTest" name="seachForItemsWithAutoComplete" time="0">
    <skipped/>
  </testcase>
  <testcase classname="tests.EmailProductToFriendTest" name="takeScreenshotOnFailure" time="0">
    <skipped/>
  </testcase>
  <testcase classname="tests.EmailProductToFriendTest" name="userCanEmailProductToFriend" time="0">
    <skipped/>
  </testcase>
  <testcase classname="tests.EmailProductToFriendTest" name="takeScreenshotOnFailure" time="0">
    <skipped/>
  </testcase>
  <testcase classname="tests.EmailProductToFriendTest" name="registrationUserLogout" time="0">
    <skipped/>
  </testcase>
  <testcase classname="tests.EmailProductToFriendTest" name="takeScreenshotOnFailure" time="0">
    <skipped/>
  </testcase>
  <testcase classname="tests.MyAccountTest" name="UserCanRegisterSuccssfully" time="0">
    <skipped/>
  </testcase>
  <testcase classname="tests.MyAccountTest" name="takeScreenshotOnFailure" time="0">
    <skipped/>
  </testcase>
  <testcase classname="tests.MyAccountTest" name="RegisteredUserCanChangePassword" time="0">
    <skipped/>
  </testcase>
  <testcase classname="tests.MyAccountTest" name="takeScreenshotOnFailure" time="0">
    <skipped/>
  </testcase>
  <testcase classname="tests.MyAccountTest" name="RegisteredUserCanLogout" time="0">
    <skipped/>
  </testcase>
  <testcase classname="tests.MyAccountTest" name="takeScreenshotOnFailure" time="0">
    <skipped/>
  </testcase>
  <testcase classname="tests.MyAccountTest" name="RegisteredUserCanLogin" time="0">
    <skipped/>
  </testcase>
  <testcase classname="tests.MyAccountTest" name="takeScreenshotOnFailure" time="0">
    <skipped/>
  </testcase>
  <testcase classname="tests.ProductReviewPageTest" name="UserCanRegisterSuccssfully" time="0">
    <skipped/>
  </testcase>
  <testcase classname="tests.ProductReviewPageTest" name="takeScreenshotOnFailure" time="0">
    <skipped/>
  </testcase>
  <testcase classname="tests.ProductReviewPageTest" name="seachForItemsWithAutoComplete" time="0">
    <skipped/>
  </testcase>
  <testcase classname="tests.ProductReviewPageTest" name="takeScreenshotOnFailure" time="0">
    <skipped/>
  </testcase>
  <testcase classname="tests.ProductReviewPageTest" name="userCanAddRevirewToProduct" time="0">
    <skipped/>
  </testcase>
  <testcase classname="tests.ProductReviewPageTest" name="takeScreenshotOnFailure" time="0.001">
    <skipped/>
  </testcase>
  <testcase classname="tests.ProductReviewPageTest" name="registrationUserLogout" time="0">
    <skipped/>
  </testcase>
  <testcase classname="tests.ProductReviewPageTest" name="takeScreenshotOnFailure" time="0">
    <skipped/>
  </testcase>
  <testcase classname="tests.RegistratinTest" name="registrationSuccess" time="0">
    <skipped/>
  </testcase>
  <testcase classname="tests.RegistratinTest" name="takeScreenshotOnFailure" time="0">
    <skipped/>
  </testcase>
  <testcase classname="tests.RegistratinTest" name="registrationUserLogout" time="0">
    <skipped/>
  </testcase>
  <testcase classname="tests.RegistratinTest" name="registrationUserLogin" time="0">
    <skipped/>
  </testcase>
  <testcase classname="tests.SearchItemTest" name="seachForItems" time="0">
    <skipped/>
  </testcase>
  <testcase classname="tests.SearchItemTest" name="takeScreenshotOnFailure" time="0">
    <skipped/>
  </testcase>
  <testcase classname="tests.SearchItemWithAutoCompleteTest" name="seachForItemsWithAutoComplete" time="0">
    <skipped/>
  </testcase>
  <testcase classname="tests.SearchItemWithAutoCompleteTest" name="takeScreenshotOnFailure" time="0">
    <skipped/>
  </testcase>
  <testcase classname="tests.ChangeCurrencyTest" name="stopDriver" time="0.056">
    <skipped/>
  </testcase>
</testsuite>